<?xml version="1.0" encoding="UTF-8"?>
<!-- Generated by org.testng.reporters.JUnitXMLReporter -->
<testsuite ignored="1" hostname="LAPTOP-R0FI7S9S" failures="0" tests="1" name="OpenCart Test" time="6.491" errors="0" timestamp="2023-06-01T14:53:54 CDT">
  <testcase classname="testCases.TC_001_AccountRegistrationTest" name="test_account_Registration" time="1.525"/>
  <testcase classname="testCases.TC_002_LoginTest" name="test_Login" time="0.0">
    <ignored/>
  </testcase> <!-- test_Login -->
</testsuite> <!-- OpenCart Test -->
