<?xml version="1.0" encoding="UTF-8"?>
<!-- Generated by org.testng.reporters.JUnitXMLReporter -->
<testsuite ignored="0" hostname="LAPTOP-R0FI7S9S" failures="0" tests="5" name="Test" time="26.217" errors="0" timestamp="2024-01-23T13:07:26 CST">
  <testcase classname="testCases.TC_003_LoginDataDrivenTest" name="test_LoginDataDrivenTest" time="2.311"/>
  <testcase classname="testCases.TC_003_LoginDataDrivenTest" name="test_LoginDataDrivenTest" time="2.094"/>
  <testcase classname="testCases.TC_003_LoginDataDrivenTest" name="test_LoginDataDrivenTest" time="2.304"/>
  <testcase classname="testCases.TC_003_LoginDataDrivenTest" name="test_LoginDataDrivenTest" time="11.166"/>
  <testcase classname="testCases.TC_003_LoginDataDrivenTest" name="test_LoginDataDrivenTest" time="2.034"/>
</testsuite> <!-- Test -->
