<?xml version="1.0" encoding="UTF-8"?>
<!-- Generated by org.testng.reporters.JUnitXMLReporter -->
<testsuite ignored="0" hostname="LAPTOP-R0FI7S9S" failures="0" tests="5" name="Test" time="46.43" errors="0" timestamp="2023-06-05T16:30:30 CDT">
  <testcase classname="testCases.TC_003_LoginDataDrivenTest" name="test_LoginDataDrivenTest" time="2.361"/>
  <testcase classname="testCases.TC_003_LoginDataDrivenTest" name="test_LoginDataDrivenTest" time="11.057"/>
  <testcase classname="testCases.TC_003_LoginDataDrivenTest" name="test_LoginDataDrivenTest" time="10.956"/>
  <testcase classname="testCases.TC_003_LoginDataDrivenTest" name="test_LoginDataDrivenTest" time="11.719"/>
  <testcase classname="testCases.TC_003_LoginDataDrivenTest" name="test_LoginDataDrivenTest" time="2.579"/>
</testsuite> <!-- Test -->
