<?xml version="1.0" encoding="UTF-8"?>
<testsuite xmlns:xsi="http://www.w3.org/2001/XMLSchema-instance" xsi:noNamespaceSchemaLocation="https://maven.apache.org/surefire/maven-surefire-plugin/xsd/surefire-test-report-3.0.xsd" version="3.0" name="TestSuite" time="26.734" tests="5" errors="0" skipped="0" failures="0">
  <properties>
[...]
</properties>
  <testcase name="test_LoginDataDrivenTest[danduvaralakshmi@gmail.com, abcd1234, Valid](1)" classname="testCases.TC_003_LoginDataDrivenTest" time="2.22"/>
  <testcase name="test_LoginDataDrivenTest[lakshmi@yahoo.com, Laxmi, Invalid](2)" classname="testCases.TC_003_LoginDataDrivenTest" time="1.964"/>
  <testcase name="test_LoginDataDrivenTest[laksh@yahoo.com, Lakshmi, Invalid](3)" classname="testCases.TC_003_LoginDataDrivenTest" time="2.008"/>
  <testcase name="test_LoginDataDrivenTest[laksh@yahoo.com, test@123, Invalid](4)" classname="testCases.TC_003_LoginDataDrivenTest" time="11.122"/>
  <testcase name="test_LoginDataDrivenTest[abc123@gmail.com, test@123, Valid](5)" classname="testCases.TC_003_LoginDataDrivenTest" time="2.408"/>
</testsuite>