<?xml version="1.0" encoding="UTF-8"?>
<testng-results ignored="0" total="5" passed="5" failed="0" skipped="0">
  <reporter-output>
  </reporter-output>
  <suite started-at="2023-06-05T16:29:44 CDT" name="Suite" finished-at="2023-06-05T16:30:30 CDT" duration-ms="46430">
    <groups>
    </groups>
    <test started-at="2023-06-05T16:29:44 CDT" name="Test" finished-at="2023-06-05T16:30:30 CDT" duration-ms="46430">
      <class name="testCases.TC_003_LoginDataDrivenTest">
        <test-method is-config="true" signature="SetUp(java.lang.String)[pri:0, instance:testCases.TC_003_LoginDataDrivenTest@32eff876]" started-at="2023-06-05T16:29:44 CDT" name="SetUp" finished-at="2023-06-05T16:29:50 CDT" duration-ms="6228" status="PASS">
          <params>
            <param index="0">
              <value>
                <![CDATA[chrome]]>
              </value>
            </param>
          </params>
          <reporter-output>
          </reporter-output>
        </test-method> <!-- SetUp -->
        <test-method signature="test_LoginDataDrivenTest(java.lang.String,java.lang.String,java.lang.String)[pri:0, instance:testCases.TC_003_LoginDataDrivenTest@32eff876]" started-at="2023-06-05T16:29:51 CDT" name="test_LoginDataDrivenTest" data-provider="LoginData" finished-at="2023-06-05T16:29:54 CDT" duration-ms="2361" status="PASS">
          <params>
            <param index="0">
              <value>
                <![CDATA[danduvaralakshmi@gmail.com]]>
              </value>
            </param>
            <param index="1">
              <value>
                <![CDATA[abcd1234]]>
              </value>
            </param>
            <param index="2">
              <value>
                <![CDATA[Valid]]>
              </value>
            </param>
          </params>
          <reporter-output>
          </reporter-output>
        </test-method> <!-- test_LoginDataDrivenTest -->
        <test-method signature="test_LoginDataDrivenTest(java.lang.String,java.lang.String,java.lang.String)[pri:0, instance:testCases.TC_003_LoginDataDrivenTest@32eff876]" started-at="2023-06-05T16:29:54 CDT" name="test_LoginDataDrivenTest" data-provider="LoginData" finished-at="2023-06-05T16:30:05 CDT" duration-ms="11057" status="PASS">
          <params>
            <param index="0">
              <value>
                <![CDATA[lakshmi@yahoo.com]]>
              </value>
            </param>
            <param index="1">
              <value>
                <![CDATA[Laxmi]]>
              </value>
            </param>
            <param index="2">
              <value>
                <![CDATA[Invalid]]>
              </value>
            </param>
          </params>
          <reporter-output>
          </reporter-output>
        </test-method> <!-- test_LoginDataDrivenTest -->
        <test-method signature="test_LoginDataDrivenTest(java.lang.String,java.lang.String,java.lang.String)[pri:0, instance:testCases.TC_003_LoginDataDrivenTest@32eff876]" started-at="2023-06-05T16:30:05 CDT" name="test_LoginDataDrivenTest" data-provider="LoginData" finished-at="2023-06-05T16:30:16 CDT" duration-ms="10956" status="PASS">
          <params>
            <param index="0">
              <value>
                <![CDATA[laksh@yahoo.com]]>
              </value>
            </param>
            <param index="1">
              <value>
                <![CDATA[Lakshmi]]>
              </value>
            </param>
            <param index="2">
              <value>
                <![CDATA[Invalid]]>
              </value>
            </param>
          </params>
          <reporter-output>
          </reporter-output>
        </test-method> <!-- test_LoginDataDrivenTest -->
        <test-method signature="test_LoginDataDrivenTest(java.lang.String,java.lang.String,java.lang.String)[pri:0, instance:testCases.TC_003_LoginDataDrivenTest@32eff876]" started-at="2023-06-05T16:30:16 CDT" name="test_LoginDataDrivenTest" data-provider="LoginData" finished-at="2023-06-05T16:30:27 CDT" duration-ms="11719" status="PASS">
          <params>
            <param index="0">
              <value>
                <![CDATA[laks@yahoo.com]]>
              </value>
            </param>
            <param index="1">
              <value>
                <![CDATA[xyz]]>
              </value>
            </param>
            <param index="2">
              <value>
                <![CDATA[Invalid]]>
              </value>
            </param>
          </params>
          <reporter-output>
          </reporter-output>
        </test-method> <!-- test_LoginDataDrivenTest -->
        <test-method signature="test_LoginDataDrivenTest(java.lang.String,java.lang.String,java.lang.String)[pri:0, instance:testCases.TC_003_LoginDataDrivenTest@32eff876]" started-at="2023-06-05T16:30:27 CDT" name="test_LoginDataDrivenTest" data-provider="LoginData" finished-at="2023-06-05T16:30:30 CDT" duration-ms="2579" status="PASS">
          <params>
            <param index="0">
              <value>
                <![CDATA[abc123@gmail.com]]>
              </value>
            </param>
            <param index="1">
              <value>
                <![CDATA[test@123]]>
              </value>
            </param>
            <param index="2">
              <value>
                <![CDATA[Valid]]>
              </value>
            </param>
          </params>
          <reporter-output>
          </reporter-output>
        </test-method> <!-- test_LoginDataDrivenTest -->
        <test-method is-config="true" signature="tearDown()[pri:0, instance:testCases.TC_003_LoginDataDrivenTest@32eff876]" started-at="2023-06-05T16:30:30 CDT" name="tearDown" finished-at="2023-06-05T16:30:30 CDT" duration-ms="197" status="PASS">
          <reporter-output>
          </reporter-output>
        </test-method> <!-- tearDown -->
      </class> <!-- testCases.TC_003_LoginDataDrivenTest -->
    </test> <!-- Test -->
  </suite> <!-- Suite -->
</testng-results>
