<?xml version="1.0" encoding="UTF-8"?>
<testng-results ignored="0" total="5" passed="5" failed="0" skipped="0">
  <reporter-output>
  </reporter-output>
  <suite started-at="2024-01-24T09:30:00 CST" name="Suite" finished-at="2024-01-24T09:30:26 CST" duration-ms="26010">
    <groups>
    </groups>
    <test started-at="2024-01-24T09:30:00 CST" name="Test" finished-at="2024-01-24T09:30:26 CST" duration-ms="26010">
      <class name="testCases.TC_003_LoginDataDrivenTest">
        <test-method is-config="true" signature="SetUp(java.lang.String)[pri:0, instance:testCases.TC_003_LoginDataDrivenTest@694abbdc]" started-at="2024-01-24T09:30:00 CST" name="SetUp" finished-at="2024-01-24T09:30:05 CST" duration-ms="4970" status="PASS">
          <params>
            <param index="0">
              <value>
                <![CDATA[chrome]]>
              </value>
            </param>
          </params>
          <reporter-output>
          </reporter-output>
        </test-method> <!-- SetUp -->
        <test-method signature="test_LoginDataDrivenTest(java.lang.String,java.lang.String,java.lang.String)[pri:0, instance:testCases.TC_003_LoginDataDrivenTest@694abbdc]" started-at="2024-01-24T09:30:06 CST" name="test_LoginDataDrivenTest" data-provider="LoginData" finished-at="2024-01-24T09:30:08 CST" duration-ms="2207" status="PASS">
          <params>
            <param index="0">
              <value>
                <![CDATA[danduvaralakshmi@gmail.com]]>
              </value>
            </param>
            <param index="1">
              <value>
                <![CDATA[abcd1234]]>
              </value>
            </param>
            <param index="2">
              <value>
                <![CDATA[Valid]]>
              </value>
            </param>
          </params>
          <reporter-output>
          </reporter-output>
        </test-method> <!-- test_LoginDataDrivenTest -->
        <test-method signature="test_LoginDataDrivenTest(java.lang.String,java.lang.String,java.lang.String)[pri:0, instance:testCases.TC_003_LoginDataDrivenTest@694abbdc]" started-at="2024-01-24T09:30:08 CST" name="test_LoginDataDrivenTest" data-provider="LoginData" finished-at="2024-01-24T09:30:10 CST" duration-ms="1965" status="PASS">
          <params>
            <param index="0">
              <value>
                <![CDATA[lakshmi@yahoo.com]]>
              </value>
            </param>
            <param index="1">
              <value>
                <![CDATA[Laxmi]]>
              </value>
            </param>
            <param index="2">
              <value>
                <![CDATA[Invalid]]>
              </value>
            </param>
          </params>
          <reporter-output>
          </reporter-output>
        </test-method> <!-- test_LoginDataDrivenTest -->
        <test-method signature="test_LoginDataDrivenTest(java.lang.String,java.lang.String,java.lang.String)[pri:0, instance:testCases.TC_003_LoginDataDrivenTest@694abbdc]" started-at="2024-01-24T09:30:10 CST" name="test_LoginDataDrivenTest" data-provider="LoginData" finished-at="2024-01-24T09:30:12 CST" duration-ms="2007" status="PASS">
          <params>
            <param index="0">
              <value>
                <![CDATA[laksh@yahoo.com]]>
              </value>
            </param>
            <param index="1">
              <value>
                <![CDATA[Lakshmi]]>
              </value>
            </param>
            <param index="2">
              <value>
                <![CDATA[Invalid]]>
              </value>
            </param>
          </params>
          <reporter-output>
          </reporter-output>
        </test-method> <!-- test_LoginDataDrivenTest -->
        <test-method signature="test_LoginDataDrivenTest(java.lang.String,java.lang.String,java.lang.String)[pri:0, instance:testCases.TC_003_LoginDataDrivenTest@694abbdc]" started-at="2024-01-24T09:30:12 CST" name="test_LoginDataDrivenTest" data-provider="LoginData" finished-at="2024-01-24T09:30:23 CST" duration-ms="11121" status="PASS">
          <params>
            <param index="0">
              <value>
                <![CDATA[laksh@yahoo.com]]>
              </value>
            </param>
            <param index="1">
              <value>
                <![CDATA[test@123]]>
              </value>
            </param>
            <param index="2">
              <value>
                <![CDATA[Invalid]]>
              </value>
            </param>
          </params>
          <reporter-output>
          </reporter-output>
        </test-method> <!-- test_LoginDataDrivenTest -->
        <test-method signature="test_LoginDataDrivenTest(java.lang.String,java.lang.String,java.lang.String)[pri:0, instance:testCases.TC_003_LoginDataDrivenTest@694abbdc]" started-at="2024-01-24T09:30:23 CST" name="test_LoginDataDrivenTest" data-provider="LoginData" finished-at="2024-01-24T09:30:25 CST" duration-ms="2407" status="PASS">
          <params>
            <param index="0">
              <value>
                <![CDATA[abc123@gmail.com]]>
              </value>
            </param>
            <param index="1">
              <value>
                <![CDATA[test@123]]>
              </value>
            </param>
            <param index="2">
              <value>
                <![CDATA[Valid]]>
              </value>
            </param>
          </params>
          <reporter-output>
          </reporter-output>
        </test-method> <!-- test_LoginDataDrivenTest -->
        <test-method is-config="true" signature="tearDown()[pri:0, instance:testCases.TC_003_LoginDataDrivenTest@694abbdc]" started-at="2024-01-24T09:30:25 CST" name="tearDown" finished-at="2024-01-24T09:30:26 CST" duration-ms="159" status="PASS">
          <reporter-output>
          </reporter-output>
        </test-method> <!-- tearDown -->
      </class> <!-- testCases.TC_003_LoginDataDrivenTest -->
    </test> <!-- Test -->
  </suite> <!-- Suite -->
</testng-results>
