<?xml version="1.0" encoding="UTF-8"?>
<testng-results ignored="0" total="5" passed="5" failed="0" skipped="0">
  <reporter-output>
  </reporter-output>
  <suite started-at="2024-01-23T13:07:00 CST" name="Suite" finished-at="2024-01-23T13:07:26 CST" duration-ms="26217">
    <groups>
    </groups>
    <test started-at="2024-01-23T13:07:00 CST" name="Test" finished-at="2024-01-23T13:07:26 CST" duration-ms="26217">
      <class name="testCases.TC_003_LoginDataDrivenTest">
        <test-method is-config="true" signature="SetUp(java.lang.String)[pri:0, instance:testCases.TC_003_LoginDataDrivenTest@7e7be63f]" started-at="2024-01-23T13:07:00 CST" name="SetUp" finished-at="2024-01-23T13:07:05 CST" duration-ms="4985" status="PASS">
          <params>
            <param index="0">
              <value>
                <![CDATA[chrome]]>
              </value>
            </param>
          </params>
          <reporter-output>
          </reporter-output>
        </test-method> <!-- SetUp -->
        <test-method signature="test_LoginDataDrivenTest(java.lang.String,java.lang.String,java.lang.String)[pri:0, instance:testCases.TC_003_LoginDataDrivenTest@7e7be63f]" started-at="2024-01-23T13:07:06 CST" name="test_LoginDataDrivenTest" data-provider="LoginData" finished-at="2024-01-23T13:07:09 CST" duration-ms="2311" status="PASS">
          <params>
            <param index="0">
              <value>
                <![CDATA[danduvaralakshmi@gmail.com]]>
              </value>
            </param>
            <param index="1">
              <value>
                <![CDATA[abcd1234]]>
              </value>
            </param>
            <param index="2">
              <value>
                <![CDATA[Valid]]>
              </value>
            </param>
          </params>
          <reporter-output>
          </reporter-output>
        </test-method> <!-- test_LoginDataDrivenTest -->
        <test-method signature="test_LoginDataDrivenTest(java.lang.String,java.lang.String,java.lang.String)[pri:0, instance:testCases.TC_003_LoginDataDrivenTest@7e7be63f]" started-at="2024-01-23T13:07:09 CST" name="test_LoginDataDrivenTest" data-provider="LoginData" finished-at="2024-01-23T13:07:11 CST" duration-ms="2094" status="PASS">
          <params>
            <param index="0">
              <value>
                <![CDATA[lakshmi@yahoo.com]]>
              </value>
            </param>
            <param index="1">
              <value>
                <![CDATA[Laxmi]]>
              </value>
            </param>
            <param index="2">
              <value>
                <![CDATA[Invalid]]>
              </value>
            </param>
          </params>
          <reporter-output>
          </reporter-output>
        </test-method> <!-- test_LoginDataDrivenTest -->
        <test-method signature="test_LoginDataDrivenTest(java.lang.String,java.lang.String,java.lang.String)[pri:0, instance:testCases.TC_003_LoginDataDrivenTest@7e7be63f]" started-at="2024-01-23T13:07:11 CST" name="test_LoginDataDrivenTest" data-provider="LoginData" finished-at="2024-01-23T13:07:13 CST" duration-ms="2304" status="PASS">
          <params>
            <param index="0">
              <value>
                <![CDATA[laksh@yahoo.com]]>
              </value>
            </param>
            <param index="1">
              <value>
                <![CDATA[Lakshmi]]>
              </value>
            </param>
            <param index="2">
              <value>
                <![CDATA[Invalid]]>
              </value>
            </param>
          </params>
          <reporter-output>
          </reporter-output>
        </test-method> <!-- test_LoginDataDrivenTest -->
        <test-method signature="test_LoginDataDrivenTest(java.lang.String,java.lang.String,java.lang.String)[pri:0, instance:testCases.TC_003_LoginDataDrivenTest@7e7be63f]" started-at="2024-01-23T13:07:13 CST" name="test_LoginDataDrivenTest" data-provider="LoginData" finished-at="2024-01-23T13:07:24 CST" duration-ms="11166" status="PASS">
          <params>
            <param index="0">
              <value>
                <![CDATA[laksh@yahoo.com]]>
              </value>
            </param>
            <param index="1">
              <value>
                <![CDATA[test@123]]>
              </value>
            </param>
            <param index="2">
              <value>
                <![CDATA[Invalid]]>
              </value>
            </param>
          </params>
          <reporter-output>
          </reporter-output>
        </test-method> <!-- test_LoginDataDrivenTest -->
        <test-method signature="test_LoginDataDrivenTest(java.lang.String,java.lang.String,java.lang.String)[pri:0, instance:testCases.TC_003_LoginDataDrivenTest@7e7be63f]" started-at="2024-01-23T13:07:24 CST" name="test_LoginDataDrivenTest" data-provider="LoginData" finished-at="2024-01-23T13:07:26 CST" duration-ms="2034" status="PASS">
          <params>
            <param index="0">
              <value>
                <![CDATA[abc123@gmail.com]]>
              </value>
            </param>
            <param index="1">
              <value>
                <![CDATA[test@123]]>
              </value>
            </param>
            <param index="2">
              <value>
                <![CDATA[Valid]]>
              </value>
            </param>
          </params>
          <reporter-output>
          </reporter-output>
        </test-method> <!-- test_LoginDataDrivenTest -->
        <test-method is-config="true" signature="tearDown()[pri:0, instance:testCases.TC_003_LoginDataDrivenTest@7e7be63f]" started-at="2024-01-23T13:07:26 CST" name="tearDown" finished-at="2024-01-23T13:07:26 CST" duration-ms="146" status="PASS">
          <reporter-output>
          </reporter-output>
        </test-method> <!-- tearDown -->
      </class> <!-- testCases.TC_003_LoginDataDrivenTest -->
    </test> <!-- Test -->
  </suite> <!-- Suite -->
</testng-results>
